Vivado Simulator 2017.1
Time resolution is 1 ps
WARNING: This core is supplied with a behavioral model. To model cycle-accurate behavior you must run timing simulation.
fe4e
f21f
ffcb
e1c4
348a
1669
d7f4
d077
c6ee
31e7
f3bd
5db6
3d06
00b1
4288
fa2f
9344
db2d
1d0d
e6b3
5fef
f1dc
f612
8360
e21e
116d
6e73
4ed5
3e1f
ede6
3506
2e04
6009
bfa0
2511
c9d3
ee2c
20fb
e008
08ce
f581
3816
c4ab
2add
df4e
c87f
0350
182a
131b
f6c6
ecdf
d460
eab3
d1b0
1327
fa10
399d
e704
dcf5
3b8a
faa9
0806
2f81
0b86
bd7f
e67e
e976
1a87
3de3
1608
14e3
d0bc
f851
d7b8
0702
a0d3
dcad
ecb6
a16d
d67e
fdb0
da71
2bb9
479a
c64a
0803
2f0f
1144
e84a
5397
e701
f5de
15d4
e139
ef07
4b30
09d0
c51b
5ad2
dcaa
4af9
543c
0c05
e6f3
d672
02db
ea9c
13b8
cd05
2096
423d
d29b
116f
dba8
3578
0445
f33b
059c
ea85
0554
bd8b
e6c8
186a
2643
c6d3
cb90
dc09
f368
0d11
b489
15ff
2e6b
24d3
d4f9
2312
1ac6
beef
179b
41d7
e1d7
2e0d
22bf
2be0
bd6c
d386
06be
fea5
78fb
e77a
9f7e
2bc8
f4be
daa2
41ee
d73d
f54f
02fe
feb2
4d0e
53f4
3faa
e057
0e69
e61d
c737
3c60
5752
cfc2
f50c
26e3
2273
046b
2b67
30fe
0626
f1fe
0d58
e98c
fb9e
01a3
2b75
e0bf
3757
21e0
d694
985a
0b76
da87
2ca3
04d3
a129
9b7e
b41f
1295
fca5
274c
0620
e586
d19d
d944
5945
02e5
0c37
b696
1cfc
d61c
ea77
e21e
f78b
e720
b039
dbfd
0aa2
14c9
fe59
1377
142f
00ee
0181
d9e5
6a9c
fe91
f5cd
4a9f
f6fe
cd63
b61a
02aa
0b03
1fb2
1766
efa4
7abe
c859
f002
fcce
35e1
e152
3d3e
59fc
421f
2bb3
49b7
e8e1
145f
ff11
425f
39cf
5b35
2c2d
ff31
3803
ea69
3b83
4cd5
f909
cb7c
e71a
16ac
3760
ec62
492a
2df1
fe3b
1630
1346
4180
c544
f9e6
310a
0bb7
d5b5
d91b
2c85
f5a5
d2ee
2214
1658
dd03
18b4
d023
6437
d7d9
f4a2
e0c6
44c0
feaf
3548
bf5d
f582
f9d6
4c10
e736
1457
3729
1547
d193
ea62
0eac
1356
d276
2595
0b49
ded3
fdff
410c
d486
d0ed
e98f
a3d2
27c8
597d
036b
c21c
28ec
0b5f
e50f
cca2
0646
d263
01a7
0e46
8fd2
e731
3b8d
02b6
e9ff
eb5e
ddd3
01e6
3e82
1991
3c19
bc46
caed
1e28
cadf
1faa
17ed
30f7
f044
c8db
f861
2941
e2fd
e3da
e70d
2bcf
f9d0
28f5
5a15
c53d
e591
41a5
264b
f0f0
2dfc
a32e
ea2b
2c0a
c047
1101
5e75
350e
ccac
a6c0
dfe5
11cc
1e9e
e5fd
22e8
438d
323a
1c0b
145c
f7cb
de2c
478f
f09e
4fcb
1e98
19c1
d142
6085
3018
37ed
02f4
e7dd
06ae
eda1
fdcf
2d20
f1fe
3f83
d638
1f45
258c
cedf
b3e5
eab6
0611
e37e
df29
0901
dc78
297d
0923
00d9
2ad9
15a0
379b
e41f
06fa
2d55
e32d
184f
d985
0a64
c1bf
02c5
fb9a
ca5f
414f
f97b
dd71
c60a
0e81
3bfb
0b00
a5f7
1c19
50c9
25ba
fd5b
0ce3
1fb6
ad6c
f5ed
25dd
2548
0a86
1d63
2015
f0e8
d1e4
2fc9
e4fb
fe3e
d7df
2f80
df65
3081
d4e0
ad55
ee7c
ad92
f71d
4020
204f
cd8b
eb04
cc7b
c220
2d6a
b402
5b79
ddde
fd54
f241
2eae
f2e7
99e9
0f2c
b93d
973a
abf0
0eb1
9888
5a89
0c17
052f
d4f3
e969
164e
a8e8
1dde
9a21
f302
e701
0dcf
e06d
f8ae
324c
d744
4c15
37ce
f6c4
361e
ff29
d3c6
15a3
cff5
0310
09d9
f05e
03ae
0603
1158
185f
e77b
ef30
c425
0cca
105f
ea5e
db29
f46a
5163
2bdd
2fee
886c
ec09
1044
d62f
37e4
d1f5
1b05
35da
0238
1cde
f33f
374a
1279
ed15
1800
568f
26f8
0cf0
f407
e972
e39f
d0ad
178a
d36d
f370
0d0a
007c
6851
d993
fc09
2324
2685
0aaa
1ace
36e2
e683
1417
24c7
3a7a
38bf
2eee
fd21
f058
f421
7314
e10b
ff5c
ef0f
0114
5043
230c
00d1
d2b6
e895
ec0c
487b
f6b0
f948
0226
5395
fa57
c1e9
2bb7
0d6c
4f58
dc66
e742
abc9
4d35
ea89
f5dd
f04e
9cd6
c7d8
d524
4ae0
027e
0568
c395
0bdd
dd28
6a4e
83ea
3e02
e980
2e36
3f21
d65d
2d81
bd17
17fd
1817
12d9
d8f1
de7c
ef2a
3379
d473
4391
e703
f7ed
d4fd
c7fe
f33c
e0d7
0f7f
ec15
3123
2aeb
1379
08e8
f1b0
c293
e183
dd7f
4bc1
d6eb
1d31
756c
d9c8
df40
3772
d77a
cc4e
ef06
2458
0370
43d6
f08a
2714
e388
0b60
1388
3112
ed46
d824
aea5
2ea3
fb05
eed0
bef4
f314
b435
d8e4
f02f
3463
c6e9
1808
097c
227a
11a9
0708
084d
1486
6341
1531
32b6
dc6b
00e3
bf59
c5ff
ef26
4b17
2d1b
30e2
d2a5
35a1
d89f
31a5
14aa
2b48
d423
0b55
0dfc
b9fd
f744
e7ad
c34e
065e
44ad
f465
2e54
d859
ca64
e8a0
f2b0
bcfa
d7e7
d0e1
1765
2ed6
4ad7
40b0
0c46
f124
e435
da3b
1ff1
ea40
e0f1
fd3d
088d
e32d
ae45
f2f9
fce7
1c28
fb7e
34bd
31e5
ca05
bf51
ef55
4027
e67e
dfb4
cddb
3635
cce1
3ae6
cbd0
127e
dd72
c697
ea77
0a4b
4c6f
195c
350a
237e
2bb2
1a1b
2c1f
1b17
dc3d
21bc
3fbc
c5d6
c2e5
b874
d35f
5945
01d5
e90c
497a
c0de
b16d
f10c
124b
df15
274a
f00f
af9c
bfea
2259
3184
bcc1
021d
ce24
3da5
06f8
f704
ddf9
5c20
cc65
9f