
*** Running vivado
    with args -log dist_mem_gen_0.vds -m64 -product Vivado -mode batch -messageDb vivado.pb -notrace -source dist_mem_gen_0.tcl


****** Vivado v2017.1 (64-bit)
  **** SW Build 1846317 on Fri Apr 14 18:55:03 MDT 2017
  **** IP Build 1846188 on Fri Apr 14 20:52:08 MDT 2017
    ** Copyright 1986-2017 Xilinx, Inc. All Rights Reserved.

source dist_mem_gen_0.tcl -notrace
Starting RTL Elaboration : Time (s): cpu = 00:00:05 ; elapsed = 00:00:08 . Memory (MB): peak = 378.035 ; gain = 85.145
INFO: [Synth 8-638] synthesizing module 'dist_mem_gen_0' [f:/vivado/pipeline_1/pipeline_1.srcs/sources_1/ip/dist_mem_gen_0/synth/dist_mem_gen_0.vhd:71]
INFO: [Synth 8-256] done synthesizing module 'dist_mem_gen_0' (4#1) [f:/vivado/pipeline_1/pipeline_1.srcs/sources_1/ip/dist_mem_gen_0/synth/dist_mem_gen_0.vhd:71]
Finished RTL Elaboration : Time (s): cpu = 00:02:28 ; elapsed = 00:02:45 . Memory (MB): peak = 1537.996 ; gain = 1245.105
Finished RTL Optimization Phase 1 : Time (s): cpu = 00:02:28 ; elapsed = 00:02:46 . Memory (MB): peak = 1537.996 ; gain = 1245.105
INFO: [Device 21-403] Loading part xc7a35tcpg236-1
Constraint Validation Runtime : Time (s): cpu = 00:00:00 ; elapsed = 00:00:00.526 . Memory (MB): peak = 1537.996 ; gain = 0.000
Finished Constraint Validation : Time (s): cpu = 00:02:58 ; elapsed = 00:03:44 . Memory (MB): peak = 1537.996 ; gain = 1245.105
Finished Loading Part and Timing Information : Time (s): cpu = 00:02:58 ; elapsed = 00:03:44 . Memory (MB): peak = 1537.996 ; gain = 1245.105
Finished applying 'set_property' XDC Constraints : Time (s): cpu = 00:02:58 ; elapsed = 00:03:44 . Memory (MB): peak = 1537.996 ; gain = 1245.105
Finished RTL Optimization Phase 2 : Time (s): cpu = 00:02:58 ; elapsed = 00:03:45 . Memory (MB): peak = 1537.996 ; gain = 1245.105
Finished Cross Boundary and Area Optimization : Time (s): cpu = 00:03:02 ; elapsed = 00:03:51 . Memory (MB): peak = 1537.996 ; gain = 1245.105
---------------------------------------------------------------------------------
Start ROM, RAM, DSP and Shift Register Reporting
---------------------------------------------------------------------------------

Distributed RAM: Preliminary Mapping  Report (see note below)
+------------+-----------------------------------------------------------+----------------+----------------------+--------------------+
|Module Name | RTL Object                                                | Inference      | Size (Depth x Width) | Primitives         | 
+------------+-----------------------------------------------------------+----------------+----------------------+--------------------+
|U0          | synth_options.dist_mem_inst/gen_dp_ram.dpram_inst/ram_reg | User Attribute | 4 K x 32             | RAM128X1D x 1024   | 
+------------+-----------------------------------------------------------+----------------+----------------------+--------------------+

Note: The table above is a preliminary report that shows the Distributed RAMs at the current stage of the synthesis flow. Some Distributed RAMs may be reimplemented as non Distributed RAM primitives later in the synthesis flow. Multiple instantiated RAMs are reported only once.
---------------------------------------------------------------------------------
Finished ROM, RAM, DSP and Shift Register Reporting
---------------------------------------------------------------------------------
Finished Applying XDC Timing Constraints : Time (s): cpu = 00:03:19 ; elapsed = 00:04:10 . Memory (MB): peak = 1537.996 ; gain = 1245.105
Finished Timing Optimization : Time (s): cpu = 00:03:20 ; elapsed = 00:04:11 . Memory (MB): peak = 1537.996 ; gain = 1245.105
Finished Technology Mapping : Time (s): cpu = 00:03:21 ; elapsed = 00:04:12 . Memory (MB): peak = 1537.996 ; gain = 1245.105
Finished IO Insertion : Time (s): cpu = 00:03:23 ; elapsed = 00:04:14 . Memory (MB): peak = 1537.996 ; gain = 1245.105
Finished Renaming Generated Instances : Time (s): cpu = 00:03:23 ; elapsed = 00:04:14 . Memory (MB): peak = 1537.996 ; gain = 1245.105
Finished Rebuilding User Hierarchy : Time (s): cpu = 00:03:23 ; elapsed = 00:04:14 . Memory (MB): peak = 1537.996 ; gain = 1245.105
Finished Renaming Generated Ports : Time (s): cpu = 00:03:23 ; elapsed = 00:04:14 . Memory (MB): peak = 1537.996 ; gain = 1245.105
Finished Handling Custom Attributes : Time (s): cpu = 00:03:23 ; elapsed = 00:04:14 . Memory (MB): peak = 1537.996 ; gain = 1245.105
Finished Renaming Generated Nets : Time (s): cpu = 00:03:23 ; elapsed = 00:04:14 . Memory (MB): peak = 1537.996 ; gain = 1245.105

Report Cell Usage: 
+------+----------+------+
|      |Cell      |Count |
+------+----------+------+
|1     |LUT6      |   608|
|2     |MUXF7     |   256|
|3     |RAM128X1D |  1024|
|4     |FDRE      |    64|
+------+----------+------+
Finished Writing Synthesis Report : Time (s): cpu = 00:03:23 ; elapsed = 00:04:14 . Memory (MB): peak = 1537.996 ; gain = 1245.105
synth_design: Time (s): cpu = 00:03:30 ; elapsed = 00:04:24 . Memory (MB): peak = 1537.996 ; gain = 1245.105
